<?xml version="1.0" encoding="UTF-8"?>
<testsuite name="com.crypto.blockchain.rest.controller.MineControllerSpec" tests="1" skipped="0" failures="0" errors="0" timestamp="2020-06-26T15:19:48" hostname="matik-System-Product-Name" time="1.519">
  <properties/>
  <testcase name="it mines new block" classname="com.crypto.blockchain.rest.controller.MineControllerSpec" time="1.519"/>
  <system-out><![CDATA[2020-06-26 17:19:48.410  INFO 3938 --- [    Test worker] .b.t.c.SpringBootTestContextBootstrapper : Neither @ContextConfiguration nor @ContextHierarchy found for test class [com.crypto.blockchain.rest.controller.MineControllerSpec], using SpringBootContextLoader
2020-06-26 17:19:48.411  INFO 3938 --- [    Test worker] o.s.t.c.support.AbstractContextLoader    : Could not detect default resource locations for test class [com.crypto.blockchain.rest.controller.MineControllerSpec]: no resource found for suffixes {-context.xml, Context.groovy}.
2020-06-26 17:19:48.411  INFO 3938 --- [    Test worker] t.c.s.AnnotationConfigContextLoaderUtils : Could not detect default configuration classes for test class [com.crypto.blockchain.rest.controller.MineControllerSpec]: MineControllerSpec does not declare any static, non-private, non-final, nested classes annotated with @Configuration.
2020-06-26 17:19:48.413  INFO 3938 --- [    Test worker] .b.t.c.SpringBootTestContextBootstrapper : Found @SpringBootConfiguration com.crypto.blockchain.BlockchainApplication for test class com.crypto.blockchain.rest.controller.MineControllerSpec
2020-06-26 17:19:48.418  INFO 3938 --- [    Test worker] .b.t.c.SpringBootTestContextBootstrapper : Loaded default TestExecutionListener class names from location [META-INF/spring.factories]: [org.springframework.boot.test.autoconfigure.restdocs.RestDocsTestExecutionListener, org.springframework.boot.test.autoconfigure.web.client.MockRestServiceServerResetTestExecutionListener, org.springframework.boot.test.autoconfigure.web.servlet.MockMvcPrintOnlyOnFailureTestExecutionListener, org.springframework.boot.test.autoconfigure.web.servlet.WebDriverTestExecutionListener, org.springframework.boot.test.autoconfigure.webservices.client.MockWebServiceServerTestExecutionListener, org.springframework.boot.test.mock.mockito.MockitoTestExecutionListener, org.springframework.boot.test.mock.mockito.ResetMocksTestExecutionListener, org.spockframework.spring.SpringMockTestExecutionListener, org.springframework.test.context.web.ServletTestExecutionListener, org.springframework.test.context.support.DirtiesContextBeforeModesTestExecutionListener, org.springframework.test.context.support.DependencyInjectionTestExecutionListener, org.springframework.test.context.support.DirtiesContextTestExecutionListener, org.springframework.test.context.transaction.TransactionalTestExecutionListener, org.springframework.test.context.jdbc.SqlScriptsTestExecutionListener, org.springframework.test.context.event.EventPublishingTestExecutionListener]
2020-06-26 17:19:48.419  INFO 3938 --- [    Test worker] .b.t.c.SpringBootTestContextBootstrapper : Using TestExecutionListeners: [org.springframework.test.context.support.DirtiesContextBeforeModesTestExecutionListener@197dc0f7, org.springframework.boot.test.mock.mockito.MockitoTestExecutionListener@37ad5a09, org.springframework.boot.test.autoconfigure.SpringBootDependencyInjectionTestExecutionListener@7ad43886, org.springframework.test.context.support.DirtiesContextTestExecutionListener@26bdbf3b, org.springframework.test.context.event.EventPublishingTestExecutionListener@51b0b963, org.springframework.boot.test.autoconfigure.restdocs.RestDocsTestExecutionListener@c90dc4e, org.springframework.boot.test.autoconfigure.web.client.MockRestServiceServerResetTestExecutionListener@57dbc552, org.springframework.boot.test.autoconfigure.web.servlet.MockMvcPrintOnlyOnFailureTestExecutionListener@1c54ecf5, org.springframework.boot.test.autoconfigure.web.servlet.WebDriverTestExecutionListener@48fb25bd, org.springframework.boot.test.autoconfigure.webservices.client.MockWebServiceServerTestExecutionListener@4203f240, org.springframework.boot.test.mock.mockito.ResetMocksTestExecutionListener@4b7b4e07, org.spockframework.spring.SpringMockTestExecutionListener@707330d9]

  .   ____          _            __ _ _
 /\\ / ___'_ __ _ _(_)_ __  __ _ \ \ \ \
( ( )\___ | '_ | '_| | '_ \/ _` | \ \ \ \
 \\/  ___)| |_)| | | | | || (_| |  ) ) ) )
  '  |____| .__|_| |_|_| |_\__, | / / / /
 =========|_|==============|___/=/_/_/_/
 :: Spring Boot ::        (v2.3.0.RELEASE)

2020-06-26 17:19:48.440  INFO 3938 --- [    Test worker] c.c.b.r.controller.MineControllerSpec    : Starting MineControllerSpec on matik-System-Product-Name with PID 3938 (/home/matik/IdeaProjects/blockchain/build/classes/groovy/test started by matik in /home/matik/IdeaProjects/blockchain)
2020-06-26 17:19:48.440  INFO 3938 --- [    Test worker] c.c.b.r.controller.MineControllerSpec    : No active profile set, falling back to default profiles: default
2020-06-26 17:19:48.877  INFO 3938 --- [    Test worker] o.s.b.a.e.web.EndpointLinksResolver      : Exposing 2 endpoint(s) beneath base path '/actuator'
2020-06-26 17:19:49.021  WARN 3938 --- [    Test worker] .b.a.g.t.GroovyTemplateAutoConfiguration : Cannot find template location: classpath:/templates/ (please add some templates, check your Groovy configuration, or set spring.groovy.template.check-template-location=false)
2020-06-26 17:19:49.160  INFO 3938 --- [    Test worker] c.c.b.r.controller.MineControllerSpec    : Started MineControllerSpec in 0.735 seconds (JVM running for 11.142)
]]></system-out>
  <system-err><![CDATA[]]></system-err>
</testsuite>
