<?xml version="1.0" encoding="UTF-8"?>
<testsuite name="com.crypto.blockchain.rest.controller.ChainControllerSpec" tests="1" skipped="0" failures="0" errors="0" timestamp="2020-06-26T15:19:46" hostname="matik-System-Product-Name" time="0.752">
  <properties/>
  <testcase name="it should return chain" classname="com.crypto.blockchain.rest.controller.ChainControllerSpec" time="0.752"/>
  <system-out><![CDATA[2020-06-26 17:19:46.906  INFO 3938 --- [    Test worker] .b.t.c.SpringBootTestContextBootstrapper : Neither @ContextConfiguration nor @ContextHierarchy found for test class [com.crypto.blockchain.rest.controller.ChainControllerSpec], using SpringBootContextLoader
2020-06-26 17:19:46.907  INFO 3938 --- [    Test worker] o.s.t.c.support.AbstractContextLoader    : Could not detect default resource locations for test class [com.crypto.blockchain.rest.controller.ChainControllerSpec]: no resource found for suffixes {-context.xml, Context.groovy}.
2020-06-26 17:19:46.907  INFO 3938 --- [    Test worker] t.c.s.AnnotationConfigContextLoaderUtils : Could not detect default configuration classes for test class [com.crypto.blockchain.rest.controller.ChainControllerSpec]: ChainControllerSpec does not declare any static, non-private, non-final, nested classes annotated with @Configuration.
2020-06-26 17:19:46.909  INFO 3938 --- [    Test worker] .b.t.c.SpringBootTestContextBootstrapper : Found @SpringBootConfiguration com.crypto.blockchain.BlockchainApplication for test class com.crypto.blockchain.rest.controller.ChainControllerSpec
2020-06-26 17:19:46.914  INFO 3938 --- [    Test worker] .b.t.c.SpringBootTestContextBootstrapper : Loaded default TestExecutionListener class names from location [META-INF/spring.factories]: [org.springframework.boot.test.autoconfigure.restdocs.RestDocsTestExecutionListener, org.springframework.boot.test.autoconfigure.web.client.MockRestServiceServerResetTestExecutionListener, org.springframework.boot.test.autoconfigure.web.servlet.MockMvcPrintOnlyOnFailureTestExecutionListener, org.springframework.boot.test.autoconfigure.web.servlet.WebDriverTestExecutionListener, org.springframework.boot.test.autoconfigure.webservices.client.MockWebServiceServerTestExecutionListener, org.springframework.boot.test.mock.mockito.MockitoTestExecutionListener, org.springframework.boot.test.mock.mockito.ResetMocksTestExecutionListener, org.spockframework.spring.SpringMockTestExecutionListener, org.springframework.test.context.web.ServletTestExecutionListener, org.springframework.test.context.support.DirtiesContextBeforeModesTestExecutionListener, org.springframework.test.context.support.DependencyInjectionTestExecutionListener, org.springframework.test.context.support.DirtiesContextTestExecutionListener, org.springframework.test.context.transaction.TransactionalTestExecutionListener, org.springframework.test.context.jdbc.SqlScriptsTestExecutionListener, org.springframework.test.context.event.EventPublishingTestExecutionListener]
2020-06-26 17:19:46.915  INFO 3938 --- [    Test worker] .b.t.c.SpringBootTestContextBootstrapper : Using TestExecutionListeners: [org.springframework.test.context.support.DirtiesContextBeforeModesTestExecutionListener@440a6c6e, org.springframework.boot.test.mock.mockito.MockitoTestExecutionListener@2495182a, org.springframework.boot.test.autoconfigure.SpringBootDependencyInjectionTestExecutionListener@13f706f7, org.springframework.test.context.support.DirtiesContextTestExecutionListener@35669bbb, org.springframework.test.context.event.EventPublishingTestExecutionListener@2218e865, org.springframework.boot.test.autoconfigure.restdocs.RestDocsTestExecutionListener@2e40f044, org.springframework.boot.test.autoconfigure.web.client.MockRestServiceServerResetTestExecutionListener@5ab8bc5, org.springframework.boot.test.autoconfigure.web.servlet.MockMvcPrintOnlyOnFailureTestExecutionListener@4117388, org.springframework.boot.test.autoconfigure.web.servlet.WebDriverTestExecutionListener@61afe8af, org.springframework.boot.test.autoconfigure.webservices.client.MockWebServiceServerTestExecutionListener@4844e60e, org.springframework.boot.test.mock.mockito.ResetMocksTestExecutionListener@11e8a960, org.spockframework.spring.SpringMockTestExecutionListener@1eea05e6]

  .   ____          _            __ _ _
 /\\ / ___'_ __ _ _(_)_ __  __ _ \ \ \ \
( ( )\___ | '_ | '_| | '_ \/ _` | \ \ \ \
 \\/  ___)| |_)| | | | | || (_| |  ) ) ) )
  '  |____| .__|_| |_|_| |_\__, | / / / /
 =========|_|==============|___/=/_/_/_/
 :: Spring Boot ::        (v2.3.0.RELEASE)

2020-06-26 17:19:46.934  INFO 3938 --- [    Test worker] c.c.b.r.controller.ChainControllerSpec   : Starting ChainControllerSpec on matik-System-Product-Name with PID 3938 (/home/matik/IdeaProjects/blockchain/build/classes/groovy/test started by matik in /home/matik/IdeaProjects/blockchain)
2020-06-26 17:19:46.934  INFO 3938 --- [    Test worker] c.c.b.r.controller.ChainControllerSpec   : No active profile set, falling back to default profiles: default
2020-06-26 17:19:47.372  INFO 3938 --- [    Test worker] o.s.b.a.e.web.EndpointLinksResolver      : Exposing 2 endpoint(s) beneath base path '/actuator'
2020-06-26 17:19:47.527  WARN 3938 --- [    Test worker] .b.a.g.t.GroovyTemplateAutoConfiguration : Cannot find template location: classpath:/templates/ (please add some templates, check your Groovy configuration, or set spring.groovy.template.check-template-location=false)
2020-06-26 17:19:47.650  INFO 3938 --- [    Test worker] c.c.b.r.controller.ChainControllerSpec   : Started ChainControllerSpec in 0.729 seconds (JVM running for 9.632)
]]></system-out>
  <system-err><![CDATA[]]></system-err>
</testsuite>
