<?xml version="1.0" encoding="UTF-8"?>
<testsuite name="com.crypto.blockchain.domain.HashSpec" tests="1" skipped="0" failures="0" errors="0" timestamp="2020-06-26T15:19:40" hostname="matik-System-Product-Name" time="0.002">
  <properties/>
  <testcase name="It should return hash" classname="com.crypto.blockchain.domain.HashSpec" time="0.002"/>
  <system-out><![CDATA[]]></system-out>
  <system-err><![CDATA[]]></system-err>
</testsuite>
