<?xml version="1.0" encoding="UTF-8"?>
<testsuite name="com.crypto.blockchain.rest.controller.TransactionControllerSpec" tests="1" skipped="0" failures="0" errors="0" timestamp="2020-06-26T15:19:47" hostname="matik-System-Product-Name" time="0.723">
  <properties/>
  <testcase name="it creates new transaction" classname="com.crypto.blockchain.rest.controller.TransactionControllerSpec" time="0.723"/>
  <system-out><![CDATA[2020-06-26 17:19:47.672  INFO 3938 --- [    Test worker] .b.t.c.SpringBootTestContextBootstrapper : Neither @ContextConfiguration nor @ContextHierarchy found for test class [com.crypto.blockchain.rest.controller.TransactionControllerSpec], using SpringBootContextLoader
2020-06-26 17:19:47.673  INFO 3938 --- [    Test worker] o.s.t.c.support.AbstractContextLoader    : Could not detect default resource locations for test class [com.crypto.blockchain.rest.controller.TransactionControllerSpec]: no resource found for suffixes {-context.xml, Context.groovy}.
2020-06-26 17:19:47.673  INFO 3938 --- [    Test worker] t.c.s.AnnotationConfigContextLoaderUtils : Could not detect default configuration classes for test class [com.crypto.blockchain.rest.controller.TransactionControllerSpec]: TransactionControllerSpec does not declare any static, non-private, non-final, nested classes annotated with @Configuration.
2020-06-26 17:19:47.675  INFO 3938 --- [    Test worker] .b.t.c.SpringBootTestContextBootstrapper : Found @SpringBootConfiguration com.crypto.blockchain.BlockchainApplication for test class com.crypto.blockchain.rest.controller.TransactionControllerSpec
2020-06-26 17:19:47.679  INFO 3938 --- [    Test worker] .b.t.c.SpringBootTestContextBootstrapper : Loaded default TestExecutionListener class names from location [META-INF/spring.factories]: [org.springframework.boot.test.autoconfigure.restdocs.RestDocsTestExecutionListener, org.springframework.boot.test.autoconfigure.web.client.MockRestServiceServerResetTestExecutionListener, org.springframework.boot.test.autoconfigure.web.servlet.MockMvcPrintOnlyOnFailureTestExecutionListener, org.springframework.boot.test.autoconfigure.web.servlet.WebDriverTestExecutionListener, org.springframework.boot.test.autoconfigure.webservices.client.MockWebServiceServerTestExecutionListener, org.springframework.boot.test.mock.mockito.MockitoTestExecutionListener, org.springframework.boot.test.mock.mockito.ResetMocksTestExecutionListener, org.spockframework.spring.SpringMockTestExecutionListener, org.springframework.test.context.web.ServletTestExecutionListener, org.springframework.test.context.support.DirtiesContextBeforeModesTestExecutionListener, org.springframework.test.context.support.DependencyInjectionTestExecutionListener, org.springframework.test.context.support.DirtiesContextTestExecutionListener, org.springframework.test.context.transaction.TransactionalTestExecutionListener, org.springframework.test.context.jdbc.SqlScriptsTestExecutionListener, org.springframework.test.context.event.EventPublishingTestExecutionListener]
2020-06-26 17:19:47.681  INFO 3938 --- [    Test worker] .b.t.c.SpringBootTestContextBootstrapper : Using TestExecutionListeners: [org.springframework.test.context.support.DirtiesContextBeforeModesTestExecutionListener@1ed3d537, org.springframework.boot.test.mock.mockito.MockitoTestExecutionListener@5a9d7161, org.springframework.boot.test.autoconfigure.SpringBootDependencyInjectionTestExecutionListener@7c961725, org.springframework.test.context.support.DirtiesContextTestExecutionListener@56e1a146, org.springframework.test.context.event.EventPublishingTestExecutionListener@569bacc0, org.springframework.boot.test.autoconfigure.restdocs.RestDocsTestExecutionListener@67bcd90b, org.springframework.boot.test.autoconfigure.web.client.MockRestServiceServerResetTestExecutionListener@2b5fd5e6, org.springframework.boot.test.autoconfigure.web.servlet.MockMvcPrintOnlyOnFailureTestExecutionListener@706faa5a, org.springframework.boot.test.autoconfigure.web.servlet.WebDriverTestExecutionListener@7b99e53b, org.springframework.boot.test.autoconfigure.webservices.client.MockWebServiceServerTestExecutionListener@7aec0fc2, org.springframework.boot.test.mock.mockito.ResetMocksTestExecutionListener@2fc9059c, org.spockframework.spring.SpringMockTestExecutionListener@22794745]

  .   ____          _            __ _ _
 /\\ / ___'_ __ _ _(_)_ __  __ _ \ \ \ \
( ( )\___ | '_ | '_| | '_ \/ _` | \ \ \ \
 \\/  ___)| |_)| | | | | || (_| |  ) ) ) )
  '  |____| .__|_| |_|_| |_\__, | / / / /
 =========|_|==============|___/=/_/_/_/
 :: Spring Boot ::        (v2.3.0.RELEASE)

2020-06-26 17:19:47.696  INFO 3938 --- [    Test worker] c.c.b.r.c.TransactionControllerSpec      : Starting TransactionControllerSpec on matik-System-Product-Name with PID 3938 (/home/matik/IdeaProjects/blockchain/build/classes/groovy/test started by matik in /home/matik/IdeaProjects/blockchain)
2020-06-26 17:19:47.696  INFO 3938 --- [    Test worker] c.c.b.r.c.TransactionControllerSpec      : No active profile set, falling back to default profiles: default
2020-06-26 17:19:48.121  INFO 3938 --- [    Test worker] o.s.b.a.e.web.EndpointLinksResolver      : Exposing 2 endpoint(s) beneath base path '/actuator'
2020-06-26 17:19:48.255  WARN 3938 --- [    Test worker] .b.a.g.t.GroovyTemplateAutoConfiguration : Cannot find template location: classpath:/templates/ (please add some templates, check your Groovy configuration, or set spring.groovy.template.check-template-location=false)
2020-06-26 17:19:48.370  INFO 3938 --- [    Test worker] c.c.b.r.c.TransactionControllerSpec      : Started TransactionControllerSpec in 0.685 seconds (JVM running for 10.352)
]]></system-out>
  <system-err><![CDATA[]]></system-err>
</testsuite>
